<?xml version="1.0" encoding="UTF-8"?>
<!-- Generated by org.testng.reporters.JUnitReportReporter -->
<testsuite hostname="GYANESH-PC" name="com.test.AmazonTest" tests="1" failures="0" timestamp="17 May 2018 22:46:57 GMT" time="31.555" errors="0">
  <testcase name="amazonTest" time="31.555" classname="com.test.AmazonTest"/>
</testsuite> <!-- com.test.AmazonTest -->
