<?xml version="1.0" encoding="UTF-8"?>
<!-- Generated by org.testng.reporters.JUnitReportReporter -->
<testsuite hostname="GYANESH-PC" name="com.test.AmazonTest" tests="1" failures="0" timestamp="20 May 2018 17:53:53 GMT" time="61.069" errors="0">
  <testcase name="amazonTest" time="61.069" classname="com.test.AmazonTest"/>
</testsuite> <!-- com.test.AmazonTest -->
