<?xml version="1.0" encoding="UTF-8"?>
<!-- Generated by org.testng.reporters.JUnitReportReporter -->
<testsuite hostname="GYANESH-PC" name="com.test1.Flipkart" tests="1" failures="0" timestamp="19 May 2018 11:34:57 GMT" time="25.049" errors="0">
  <testcase name="amazonTest" time="25.049" classname="com.test1.Flipkart"/>
</testsuite> <!-- com.test1.Flipkart -->
