<?xml version="1.0" encoding="UTF-8"?>
<!-- Generated by org.testng.reporters.JUnitReportReporter -->
<testsuite hostname="GYANESH-PC" name="com.test.GoogleTest" tests="1" failures="0" timestamp="19 May 2018 11:34:57 GMT" time="11.169" errors="0">
  <testcase name="googleTest" time="11.169" classname="com.test.GoogleTest"/>
</testsuite> <!-- com.test.GoogleTest -->
