<?xml version="1.0" encoding="UTF-8"?>
<!-- Generated by org.testng.reporters.JUnitReportReporter -->
<testsuite hostname="GYANESH-PC" name="com.test.AmazonTest" tests="1" failures="0" timestamp="19 May 2018 11:34:57 GMT" time="26.873" errors="0">
  <testcase name="amazonTest" time="26.873" classname="com.test.AmazonTest"/>
</testsuite> <!-- com.test.AmazonTest -->
