<?xml version="1.0" encoding="UTF-8"?>
<!-- Generated by org.testng.reporters.JUnitReportReporter -->
<testsuite hostname="GYANESH-PC" name="com.test.GoogleTest" tests="1" failures="0" timestamp="20 May 2018 17:53:53 GMT" time="18.895" errors="0">
  <testcase name="googleTest" time="18.895" classname="com.test.GoogleTest"/>
</testsuite> <!-- com.test.GoogleTest -->
