<?xml version="1.0" encoding="UTF-8"?>
<!-- Generated by org.testng.reporters.JUnitReportReporter -->
<testsuite hostname="GYANESH-PC" name="com.test1.Flipkart" tests="1" failures="0" timestamp="20 May 2018 17:53:53 GMT" time="84.369" errors="0">
  <testcase name="amazonTest" time="84.369" classname="com.test1.Flipkart"/>
</testsuite> <!-- com.test1.Flipkart -->
